Using pre-set license
Built from '2021.3/staging' branch; Version is '2021.3.5f1 (40eb3a945986) revision 4254522'; Using compiler version '192829333'; Build Type 'Release'
OS: 'Windows 10  (10.0.19043) 64bit CoreSingleLanguage' Language: 'es' Physical Memory: 14284 MB
BatchMode: 1, IsHumanControllingUs: 0, StartBugReporterOnCrash: 0, Is64bit: 1, IsPro: 1

COMMAND LINE ARGUMENTS:
C:\Program Files\Unity\Hub\Editor\2021.3.5f1\Editor\Unity.exe
-adb2
-batchMode
-noUpm
-name
AssetImportWorker0
-projectPath
C:/Users/mario/Documents/Unity/SimuladorEjemploCurso
-logFile
Logs/AssetImportWorker0.log
-srvPort
51024
Successfully changed project path to: C:/Users/mario/Documents/Unity/SimuladorEjemploCurso
C:/Users/mario/Documents/Unity/SimuladorEjemploCurso
[UnityMemory] Configuration Parameters - Can be set up in boot.config
    "memorysetup-bucket-allocator-granularity=16"
    "memorysetup-bucket-allocator-bucket-count=8"
    "memorysetup-bucket-allocator-block-size=33554432"
    "memorysetup-bucket-allocator-block-count=8"
    "memorysetup-main-allocator-block-size=16777216"
    "memorysetup-thread-allocator-block-size=16777216"
    "memorysetup-gfx-main-allocator-block-size=16777216"
    "memorysetup-gfx-thread-allocator-block-size=16777216"
    "memorysetup-cache-allocator-block-size=4194304"
    "memorysetup-typetree-allocator-block-size=2097152"
    "memorysetup-profiler-bucket-allocator-granularity=16"
    "memorysetup-profiler-bucket-allocator-bucket-count=8"
    "memorysetup-profiler-bucket-allocator-block-size=33554432"
    "memorysetup-profiler-bucket-allocator-block-count=8"
    "memorysetup-profiler-allocator-block-size=16777216"
    "memorysetup-profiler-editor-allocator-block-size=1048576"
    "memorysetup-temp-allocator-size-main=16777216"
    "memorysetup-job-temp-allocator-block-size=2097152"
    "memorysetup-job-temp-allocator-block-size-background=1048576"
    "memorysetup-job-temp-allocator-reduction-small-platforms=262144"
    "memorysetup-temp-allocator-size-background-worker=32768"
    "memorysetup-temp-allocator-size-job-worker=262144"
    "memorysetup-temp-allocator-size-preload-manager=33554432"
    "memorysetup-temp-allocator-size-nav-mesh-worker=65536"
    "memorysetup-temp-allocator-size-audio-worker=65536"
    "memorysetup-temp-allocator-size-cloud-worker=32768"
    "memorysetup-temp-allocator-size-gi-baking-worker=262144"
    "memorysetup-temp-allocator-size-gfx=262144"
Refreshing native plugins compatible for Editor in 102.67 ms, found 3 plugins.
Preloading 0 native plugins for Editor in 0.00 ms.
Initialize engine version: 2021.3.5f1 (40eb3a945986)
[Subsystems] Discovering subsystems at path C:/Program Files/Unity/Hub/Editor/2021.3.5f1/Editor/Data/Resources/UnitySubsystems
[Subsystems] Discovering subsystems at path C:/Users/mario/Documents/Unity/SimuladorEjemploCurso/Assets
GfxDevice: creating device client; threaded=0; jobified=0
Direct3D:
    Version:  Direct3D 11.0 [level 11.1]
    Renderer: AMD Radeon(TM) Vega 8 Graphics (ID=0x15d8)
    Vendor:   ATI
    VRAM:     7142 MB
    Driver:   30.0.13023.4001
Initialize mono
Mono path[0] = 'C:/Program Files/Unity/Hub/Editor/2021.3.5f1/Editor/Data/Managed'
Mono path[1] = 'C:/Program Files/Unity/Hub/Editor/2021.3.5f1/Editor/Data/MonoBleedingEdge/lib/mono/unityjit-win32'
Mono config path = 'C:/Program Files/Unity/Hub/Editor/2021.3.5f1/Editor/Data/MonoBleedingEdge/etc'
Using monoOptions --debugger-agent=transport=dt_socket,embedding=1,server=y,suspend=n,address=127.0.0.1:56692
Begin MonoManager ReloadAssembly
Registering precompiled unity dll's ...
Register platform support module: C:/Program Files/Unity/Hub/Editor/2021.3.5f1/Editor/Data/PlaybackEngines/WebGLSupport/UnityEditor.WebGL.Extensions.dll
Register platform support module: C:/Program Files/Unity/Hub/Editor/2021.3.5f1/Editor/Data/PlaybackEngines/WindowsStandaloneSupport/UnityEditor.WindowsStandalone.Extensions.dll
Registered in 0.013632 seconds.
Native extension for WindowsStandalone target not found
Native extension for WebGL target not found
Refreshing native plugins compatible for Editor in 99.72 ms, found 3 plugins.
Preloading 0 native plugins for Editor in 0.00 ms.
Mono: successfully reloaded assembly
- Completed reload, in  0.933 seconds
Domain Reload Profiling:
	ReloadAssembly (933ms)
		BeginReloadAssembly (102ms)
			ExecutionOrderSort (0ms)
			DisableScriptedObjects (0ms)
			BackupInstance (0ms)
			ReleaseScriptingObjects (0ms)
			CreateAndSetChildDomain (1ms)
		EndReloadAssembly (671ms)
			LoadAssemblies (99ms)
			RebuildTransferFunctionScriptingTraits (0ms)
			SetupTypeCache (135ms)
			ReleaseScriptCaches (0ms)
			RebuildScriptCaches (34ms)
			SetupLoadedEditorAssemblies (433ms)
				LogAssemblyErrors (0ms)
				InitializePlatformSupportModulesInManaged (15ms)
				SetLoadedEditorAssemblies (0ms)
				RefreshPlugins (100ms)
				BeforeProcessingInitializeOnLoad (1ms)
				ProcessInitializeOnLoadAttributes (244ms)
				ProcessInitializeOnLoadMethodAttributes (72ms)
				AfterProcessingInitializeOnLoad (0ms)
				EditorAssembliesLoaded (0ms)
			ExecutionOrderSort2 (0ms)
			AwakeInstancesAfterBackupRestoration (0ms)
Platform modules already initialized, skipping
Registering precompiled user dll's ...
Registered in 0.009134 seconds.
Begin MonoManager ReloadAssembly
Symbol file LoadedFromMemory doesn't match image C:\Users\mario\Documents\Unity\SimuladorEjemploCurso\Library\PackageCache\com.unity.visualscripting@1.7.8\Editor\VisualScripting.Core\Dependencies\YamlDotNet\Unity.VisualScripting.YamlDotNet.dll
Symbol file LoadedFromMemory doesn't match image C:\Users\mario\Documents\Unity\SimuladorEjemploCurso\Library\PackageCache\com.unity.visualscripting@1.7.8\Editor\VisualScripting.Core\Dependencies\DotNetZip\Unity.VisualScripting.IonicZip.dll
Native extension for WindowsStandalone target not found
Native extension for WebGL target not found
Refreshing native plugins compatible for Editor in 0.66 ms, found 3 plugins.
Preloading 0 native plugins for Editor in 0.00 ms.
Mono: successfully reloaded assembly
- Completed reload, in  1.513 seconds
Domain Reload Profiling:
	ReloadAssembly (1514ms)
		BeginReloadAssembly (175ms)
			ExecutionOrderSort (0ms)
			DisableScriptedObjects (10ms)
			BackupInstance (0ms)
			ReleaseScriptingObjects (0ms)
			CreateAndSetChildDomain (28ms)
		EndReloadAssembly (1178ms)
			LoadAssemblies (126ms)
			RebuildTransferFunctionScriptingTraits (0ms)
			SetupTypeCache (372ms)
			ReleaseScriptCaches (1ms)
			RebuildScriptCaches (100ms)
			SetupLoadedEditorAssemblies (526ms)
				LogAssemblyErrors (0ms)
				InitializePlatformSupportModulesInManaged (10ms)
				SetLoadedEditorAssemblies (1ms)
				RefreshPlugins (1ms)
				BeforeProcessingInitializeOnLoad (127ms)
				ProcessInitializeOnLoadAttributes (337ms)
				ProcessInitializeOnLoadMethodAttributes (38ms)
				AfterProcessingInitializeOnLoad (13ms)
				EditorAssembliesLoaded (0ms)
			ExecutionOrderSort2 (0ms)
			AwakeInstancesAfterBackupRestoration (11ms)
Platform modules already initialized, skipping
========================================================================
Worker process is ready to serve import requests
Launched and connected shader compiler UnityShaderCompiler.exe after 0.08 seconds
Refreshing native plugins compatible for Editor in 0.63 ms, found 3 plugins.
Preloading 0 native plugins for Editor in 0.00 ms.
Unloading 3368 Unused Serialized files (Serialized files now loaded: 0)
Unloading 27 unused Assets / (111.1 KB). Loaded Objects now: 3827.
Memory consumption went from 116.1 MB to 116.0 MB.
Total: 3.869000 ms (FindLiveObjects: 0.370000 ms CreateObjectMapping: 0.126800 ms MarkObjects: 3.245100 ms  DeleteObjects: 0.125800 ms)

AssetImportParameters requested are different than current active one (requested -> active):
  custom:video-decoder-ogg-theora: a1e56fd34408186e4bbccfd4996cb3dc -> 
  custom:container-muxer-webm: aa71ff27fc2769a1b78a27578f13a17b -> 
  custom:container-demuxer-webm: 4f35f7cbe854078d1ac9338744f61a02 -> 
  custom:video-encoder-webm-vp8: eb34c28f22e8b96e1ab97ce403110664 -> 
  custom:audio-encoder-webm-vorbis: bf7c407c2cedff20999df2af8eb42d56 -> 
  custom:framework-win-MediaFoundation: 216162199b28c13a410421893ffa2e32 -> 
  custom:container-demuxer-ogg: 62fdf1f143b41e24485cea50d1cbac27 -> 
  custom:video-decoder-webm-vp8: 9c59270c3fd7afecdb556c50c9e8de78 -> 
  custom:audio-decoder-ogg-vorbis: bf7c407c2cedff20999df2af8eb42d56 -> 
========================================================================
Received Import Request.
  Time since last request: 42754.011511 seconds.
  path: Assets/Scenes
  artifactKey: Guid(6ea315d0fd7389c41b19996891e99ae3) Importer(815301076,1909f56bfc062723c751e8b465ee728b)
Start importing Assets/Scenes using Guid(6ea315d0fd7389c41b19996891e99ae3) Importer(815301076,1909f56bfc062723c751e8b465ee728b)  -> (artifact id: 'b8193726cff86800c54781cdc6d54904') in 0.014382 seconds 
========================================================================
Received Import Request.
  Time since last request: 0.000031 seconds.
  path: Assets/Materials
  artifactKey: Guid(ee0af1a72fe131f42b1cadc8e79150ff) Importer(815301076,1909f56bfc062723c751e8b465ee728b)
Start importing Assets/Materials using Guid(ee0af1a72fe131f42b1cadc8e79150ff) Importer(815301076,1909f56bfc062723c751e8b465ee728b)  -> (artifact id: '8b844b8e0440ef7eced19f53ca985e5b') in 0.007829 seconds 
========================================================================
Received Import Request.
  Time since last request: 0.000033 seconds.
  path: Assets/Low Poly Bed Room Furniture PBR
  artifactKey: Guid(bcd8d9931f318b3489229c40d39b5f0a) Importer(815301076,1909f56bfc062723c751e8b465ee728b)
Start importing Assets/Low Poly Bed Room Furniture PBR using Guid(bcd8d9931f318b3489229c40d39b5f0a) Importer(815301076,1909f56bfc062723c751e8b465ee728b)  -> (artifact id: 'b595ec19cdc3e481bc3d824a57d60c9f') in 0.010581 seconds 
========================================================================
Received Import Request.
  Time since last request: 0.000041 seconds.
  path: Assets/Resources
  artifactKey: Guid(cb1d2f9b011b03e4f8953d9d88dd2b7f) Importer(815301076,1909f56bfc062723c751e8b465ee728b)
Start importing Assets/Resources using Guid(cb1d2f9b011b03e4f8953d9d88dd2b7f) Importer(815301076,1909f56bfc062723c751e8b465ee728b)  -> (artifact id: '8e2d5f2e800a8bf47460da3fca8536be') in 0.010466 seconds 
========================================================================
Received Import Request.
  Time since last request: 1.265131 seconds.
  path: Assets/Textures
  artifactKey: Guid(d61f3bcd91ead3242a94b112a806825e) Importer(815301076,1909f56bfc062723c751e8b465ee728b)
Start importing Assets/Textures using Guid(d61f3bcd91ead3242a94b112a806825e) Importer(815301076,1909f56bfc062723c751e8b465ee728b)  -> (artifact id: 'ab30881c2059c856c248fe5a8690b26b') in 0.011602 seconds 
========================================================================
Received Import Request.
  Time since last request: 9.258340 seconds.
  path: Assets/Scenes/SampleScene.unity
  artifactKey: Guid(9fc0d4010bbf28b4594072e72b8655ab) Importer(815301076,1909f56bfc062723c751e8b465ee728b)
Start importing Assets/Scenes/SampleScene.unity using Guid(9fc0d4010bbf28b4594072e72b8655ab) Importer(815301076,1909f56bfc062723c751e8b465ee728b)  -> (artifact id: '2afee06ffcfc86c81fb5841d4d7ab5ab') in 0.016125 seconds 
========================================================================
Received Import Request.
  Time since last request: 24.748823 seconds.
  path: Assets/Materials/MetalCama.mat
  artifactKey: Guid(276d9563d58ca2245a68f2b24b1c6a7f) Importer(815301076,1909f56bfc062723c751e8b465ee728b)
Start importing Assets/Materials/MetalCama.mat using Guid(276d9563d58ca2245a68f2b24b1c6a7f) Importer(815301076,1909f56bfc062723c751e8b465ee728b)  -> (artifact id: '5fd739a8feaf41e01c3f7886dcf167dc') in 0.162571 seconds 
========================================================================
Received Import Request.
  Time since last request: 0.000027 seconds.
  path: Assets/Materials/Paredes.mat
  artifactKey: Guid(1c1e1ce7b28aa6747844c97bccd3e846) Importer(815301076,1909f56bfc062723c751e8b465ee728b)
Start importing Assets/Materials/Paredes.mat using Guid(1c1e1ce7b28aa6747844c97bccd3e846) Importer(815301076,1909f56bfc062723c751e8b465ee728b)  -> (artifact id: 'a5669e15be802a627b7929138b3c858a') in 0.041979 seconds 
========================================================================
Received Import Request.
  Time since last request: 2.800700 seconds.
  path: Assets/Resources/Personajes
  artifactKey: Guid(225367a2f52d657448ef453b6d975903) Importer(815301076,1909f56bfc062723c751e8b465ee728b)
Start importing Assets/Resources/Personajes using Guid(225367a2f52d657448ef453b6d975903) Importer(815301076,1909f56bfc062723c751e8b465ee728b)  -> (artifact id: 'adc5bcdf3c3a42b8bf1e7460f25631ec') in 0.009115 seconds 
========================================================================
Received Import Request.
  Time since last request: 0.893417 seconds.
  path: Assets/Resources/Personajes/Remy
  artifactKey: Guid(b4b86685c2f1728419348072362231ba) Importer(815301076,1909f56bfc062723c751e8b465ee728b)
Start importing Assets/Resources/Personajes/Remy using Guid(b4b86685c2f1728419348072362231ba) Importer(815301076,1909f56bfc062723c751e8b465ee728b)  -> (artifact id: '8c41b3bb403d8fc816d2768d5245f49f') in 0.010384 seconds 
========================================================================
Received Import Request.
  Time since last request: 0.062417 seconds.
  path: Assets/Resources/Personajes/Remy/Remy.fbx
  artifactKey: Guid(7b171d071c1a96d4fb66a0a3c1f78e7e) Importer(815301076,1909f56bfc062723c751e8b465ee728b)
Start importing Assets/Resources/Personajes/Remy/Remy.fbx using Guid(7b171d071c1a96d4fb66a0a3c1f78e7e) Importer(815301076,1909f56bfc062723c751e8b465ee728b)  -> (artifact id: '6429a8f3234d1fe522a300466bc4acd5') in 0.279668 seconds 
========================================================================
Received Import Request.
  Time since last request: 5.968547 seconds.
  path: Assets/Resources/Personajes/Remy/AnimacionesRemy
  artifactKey: Guid(aafc02bd9ef7fa4418cfd927e66c7b73) Importer(815301076,1909f56bfc062723c751e8b465ee728b)
Start importing Assets/Resources/Personajes/Remy/AnimacionesRemy using Guid(aafc02bd9ef7fa4418cfd927e66c7b73) Importer(815301076,1909f56bfc062723c751e8b465ee728b)  -> (artifact id: '5c79809b4d637a87aeeb5dafdd38b6ef') in 0.009406 seconds 
========================================================================
Received Import Request.
  Time since last request: 12.138661 seconds.
  path: Assets/Resources/Personajes/Remy/AnimacionesRemy/levantarBrazo.anim
  artifactKey: Guid(74f34e1de13f41c40843b2a43bf37657) Importer(815301076,1909f56bfc062723c751e8b465ee728b)
Start importing Assets/Resources/Personajes/Remy/AnimacionesRemy/levantarBrazo.anim using Guid(74f34e1de13f41c40843b2a43bf37657) Importer(815301076,1909f56bfc062723c751e8b465ee728b)  -> (artifact id: '30f34e2e8ee27cc33c6ca3d30c6c691d') in 0.015030 seconds 
========================================================================
Received Import Request.
  Time since last request: 2.601966 seconds.
  path: Assets/Resources/Personajes/Remy/AnimacionesRemy/RespirarRemy.anim
  artifactKey: Guid(57d12472aeef8af4cb2d98e339d39a31) Importer(815301076,1909f56bfc062723c751e8b465ee728b)
Start importing Assets/Resources/Personajes/Remy/AnimacionesRemy/RespirarRemy.anim using Guid(57d12472aeef8af4cb2d98e339d39a31) Importer(815301076,1909f56bfc062723c751e8b465ee728b)  -> (artifact id: 'ae6038a9282e6ade56c19225eb52996b') in 0.009718 seconds 
========================================================================
Received Import Request.
  Time since last request: 29.235937 seconds.
  path: Assets/Resources/Personajes/Remy/AnimacionesRemy/Remy.controller
  artifactKey: Guid(6e05e2eaeb1d47248ab909972e670ff5) Importer(815301076,1909f56bfc062723c751e8b465ee728b)
Start importing Assets/Resources/Personajes/Remy/AnimacionesRemy/Remy.controller using Guid(6e05e2eaeb1d47248ab909972e670ff5) Importer(815301076,1909f56bfc062723c751e8b465ee728b)  -> (artifact id: '8dfed6ce893fc434ab4a3c8df6d534cf') in 0.013652 seconds 
========================================================================
Received Import Request.
  Time since last request: 110.449474 seconds.
  path: Assets/Resources/Personajes/Remy/AnimacionesRemy/Remy 1.controller
  artifactKey: Guid(fbb24379df3616d47a61a995a07f78bc) Importer(815301076,1909f56bfc062723c751e8b465ee728b)
Start importing Assets/Resources/Personajes/Remy/AnimacionesRemy/Remy 1.controller using Guid(fbb24379df3616d47a61a995a07f78bc) Importer(815301076,1909f56bfc062723c751e8b465ee728b)  -> (artifact id: 'cee9027c23e261ead9bfb3a3e414a353') in 0.010285 seconds 
========================================================================
Received Import Request.
  Time since last request: 1.567204 seconds.
  path: Assets/Resources/Personajes/Remy/AnimacionesRemy/Remy.controller
  artifactKey: Guid(6e05e2eaeb1d47248ab909972e670ff5) Importer(815301076,1909f56bfc062723c751e8b465ee728b)
Start importing Assets/Resources/Personajes/Remy/AnimacionesRemy/Remy.controller using Guid(6e05e2eaeb1d47248ab909972e670ff5) Importer(815301076,1909f56bfc062723c751e8b465ee728b)  -> (artifact id: '25f9a72f1a15c92750a8dc43630e4657') in 0.010213 seconds 
